Arguments: 
  C:\Program Files\nodejs\node.exe C:\Users\princess.a.wilson\AppData\Roaming\npm\node_modules\yarn\bin\yarn.js init

PATH: 
  C:\Users\princess.a.wilson\AppData\Local\Programs\Git\mingw64\bin;C:\Users\princess.a.wilson\AppData\Local\Programs\Git\usr\bin;C:\Users\princess.a.wilson\bin;C:\windows\system32;C:\windows;C:\windows\System32\Wbem;C:\windows\System32\WindowsPowerShell\v1.0;C:\windows\System32\OpenSSH;C:\Program Files (x86)\Symantec\VIP Access Client;$InstallDir\bin;C:\Program Files\nodejs;C:\ProgramData\chocolatey\bin;C:\Program Files\Amazon\AWSCLIV2;C:\Program Files\Amazon\SessionManagerPlugin\bin;C:\Program Files\Docker\Docker\resources\bin;C:\ProgramData\DockerDesktop\version-bin;C:\Program Files\NVIDIA Corporation\NVIDIA NvDLISR;C:\Terraform;C:\Program Files\MySQL\MySQL Shell 8.0\bin;C:\Users\princess.a.wilson\AppData\Local\Microsoft\WindowsApps;C:\Users\princess.a.wilson\AppData\Local\Programs\Git\cmd;C:\Users\princess.a.wilson\AppData\Local\Programs\Microsoft VS Code\bin;C:\Users\princess.a.wilson\AppData\Roaming\npm;C:\Users\princess.a.wilson\AppData\Local\JetBrains\PyCharm Community Edition 2020.3\bin

Yarn version: 
  1.22.10

Node version: 
  14.11.0

Platform: 
  win32 x64

Trace: 
  Error: canceled
      at Interface.<anonymous> (C:\Users\princess.a.wilson\AppData\Roaming\npm\node_modules\yarn\lib\cli.js:136216:13)
      at Interface.emit (events.js:314:20)
      at Interface._ttyWrite (readline.js:875:16)
      at ReadStream.onkeypress (readline.js:213:10)
      at ReadStream.emit (events.js:314:20)
      at emitKeys (internal/readline/utils.js:335:14)
      at emitKeys.next (<anonymous>)
      at ReadStream.onData (readline.js:1144:36)
      at ReadStream.emit (events.js:314:20)
      at addChunk (_stream_readable.js:307:12)

npm manifest: 
  {
    "name": "nodejs-express-sequelize-mysql",
    "version": "1.0.0",
    "description": "Node.js Rest APis with Express, Sequelize & MySQL.",
    "main": "server.js",
    "scripts": {
      "test": "echo \"Error: no test specified\" && exit 1",
      "start": "node server.js"
    },
    "keywords": [
      "nodejs",
      "express",
      "sequelize",
      "mysql",
      "rest",
      "api"
    ],
    "author": "Princess P.R.",
    "license": "ISC",
    "dependencies": {
      "@types/sequelize": "^4.28.9",
      "cors": "^2.8.5",
      "express": "^4.17.1",
      "mysql2": "^2.2.5",
      "sequelize": "^6.5.0"
    }
  }

yarn manifest: 
  No manifest

Lockfile: 
  No lockfile
